<?xml version="1.0" encoding="UTF-8"?>
<testng-results ignored="0" total="1" passed="1" failed="0" skipped="0">
  <reporter-output>
  </reporter-output>
  <suite started-at="2023-10-16T21:33:46 IST" name="Default suite" finished-at="2023-10-16T21:35:20 IST" duration-ms="93498">
    <groups>
    </groups>
    <test started-at="2023-10-16T21:33:46 IST" name="Default test" finished-at="2023-10-16T21:35:20 IST" duration-ms="93498">
      <class name="com.InsuranceDomain.qa.testclass.LoginTest">
        <test-method is-config="true" signature="setup()[pri:0, instance:com.InsuranceDomain.qa.testclass.LoginTest@576d5deb]" started-at="2023-10-16T21:33:46 IST" name="setup" finished-at="2023-10-16T21:35:17 IST" duration-ms="90506" status="PASS">
          <reporter-output>
          </reporter-output>
        </test-method> <!-- setup -->
        <test-method signature="loginTest()[pri:0, instance:com.InsuranceDomain.qa.testclass.LoginTest@576d5deb]" started-at="2023-10-16T21:35:17 IST" name="loginTest" finished-at="2023-10-16T21:35:19 IST" duration-ms="2586" status="PASS">
          <reporter-output>
          </reporter-output>
        </test-method> <!-- loginTest -->
        <test-method is-config="true" signature="tearDown()[pri:0, instance:com.InsuranceDomain.qa.testclass.LoginTest@576d5deb]" started-at="2023-10-16T21:35:19 IST" name="tearDown" finished-at="2023-10-16T21:35:20 IST" duration-ms="334" status="PASS">
          <reporter-output>
          </reporter-output>
        </test-method> <!-- tearDown -->
      </class> <!-- com.InsuranceDomain.qa.testclass.LoginTest -->
    </test> <!-- Default test -->
  </suite> <!-- Default suite -->
</testng-results>
