<?xml version="1.0" encoding="UTF-8"?>
<testng-results ignored="0" total="1" passed="1" failed="0" skipped="0">
  <reporter-output>
  </reporter-output>
  <suite started-at="2023-10-23T11:10:03Z" name="Default suite" finished-at="2023-10-23T11:10:22Z" duration-ms="19549">
    <groups>
    </groups>
    <test started-at="2023-10-23T11:10:03Z" name="Default test" finished-at="2023-10-23T11:10:22Z" duration-ms="19549">
      <class name="com.InsuranceDomain.qa.testclass.AdminTest">
        <test-method is-config="true" signature="setup()[pri:0, instance:com.InsuranceDomain.qa.testclass.AdminTest@d771cc9]" started-at="2023-10-23T16:40:03Z" name="setup" finished-at="2023-10-23T16:40:13Z" duration-ms="10397" status="PASS">
          <reporter-output>
          </reporter-output>
        </test-method> <!-- setup -->
        <test-method signature="adminTest()[pri:0, instance:com.InsuranceDomain.qa.testclass.AdminTest@d771cc9]" started-at="2023-10-23T16:40:13Z" name="adminTest" finished-at="2023-10-23T16:40:22Z" duration-ms="8819" status="PASS">
          <reporter-output>
          </reporter-output>
        </test-method> <!-- adminTest -->
        <test-method is-config="true" signature="tearDown()[pri:0, instance:com.InsuranceDomain.qa.testclass.AdminTest@d771cc9]" started-at="2023-10-23T16:40:22Z" name="tearDown" finished-at="2023-10-23T16:40:22Z" duration-ms="314" status="PASS">
          <reporter-output>
          </reporter-output>
        </test-method> <!-- tearDown -->
      </class> <!-- com.InsuranceDomain.qa.testclass.AdminTest -->
    </test> <!-- Default test -->
  </suite> <!-- Default suite -->
</testng-results>
